Usando la configuración de inicio de MEDICSYS.Api\Properties\launchSettings.json...
[19:57:28 ERR] Microsoft.EntityFrameworkCore.Database.Command: Failed executing DbCommand (54ms) [Parameters=[], CommandType='Text', CommandTimeout='30']
SELECT "MigrationId", "ProductVersion"
FROM "__EFMigrationsHistory"
ORDER BY "MigrationId";
[19:57:30 INF] Microsoft.EntityFrameworkCore.Database.Command: Executed DbCommand (67ms) [Parameters=[], CommandType='Text', CommandTimeout='30']
CREATE TABLE IF NOT EXISTS "__EFMigrationsHistory" (
    "MigrationId" character varying(150) NOT NULL,
    "ProductVersion" character varying(32) NOT NULL,
    CONSTRAINT "PK___EFMigrationsHistory" PRIMARY KEY ("MigrationId")
);
[19:57:30 INF] Microsoft.EntityFrameworkCore.Database.Command: Executed DbCommand (2ms) [Parameters=[], CommandType='Text', CommandTimeout='30']
LOCK TABLE "__EFMigrationsHistory" IN ACCESS EXCLUSIVE MODE
[19:57:30 INF] Microsoft.EntityFrameworkCore.Database.Command: Executed DbCommand (4ms) [Parameters=[], CommandType='Text', CommandTimeout='30']
SELECT "MigrationId", "ProductVersion"
FROM "__EFMigrationsHistory"
ORDER BY "MigrationId";
[19:57:30 INF] Microsoft.EntityFrameworkCore.Migrations: Applying migration '20260201181037_InitialCreate'.
[19:57:30 INF] Microsoft.EntityFrameworkCore.Database.Command: Executed DbCommand (8ms) [Parameters=[], CommandType='Text', CommandTimeout='30']
CREATE TABLE "AspNetRoles" (
    "Id" uuid NOT NULL,
    "Name" character varying(256),
    "NormalizedName" character varying(256),
    "ConcurrencyStamp" text,
    CONSTRAINT "PK_AspNetRoles" PRIMARY KEY ("Id")
);
[19:57:30 INF] Microsoft.EntityFrameworkCore.Database.Command: Executed DbCommand (15ms) [Parameters=[], CommandType='Text', CommandTimeout='30']
CREATE TABLE "AspNetUsers" (
    "Id" uuid NOT NULL,
    "FullName" text NOT NULL,
    "UniversityId" text,
    "UserName" character varying(256),
    "NormalizedUserName" character varying(256),
    "Email" character varying(256),
    "NormalizedEmail" character varying(256),
    "EmailConfirmed" boolean NOT NULL,
    "PasswordHash" text,
    "SecurityStamp" text,
    "ConcurrencyStamp" text,
    "PhoneNumber" text,
    "PhoneNumberConfirmed" boolean NOT NULL,
    "TwoFactorEnabled" boolean NOT NULL,
    "LockoutEnd" timestamp with time zone,
    "LockoutEnabled" boolean NOT NULL,
    "AccessFailedCount" integer NOT NULL,
    CONSTRAINT "PK_AspNetUsers" PRIMARY KEY ("Id")
);
[19:57:30 INF] Microsoft.EntityFrameworkCore.Database.Command: Executed DbCommand (22ms) [Parameters=[], CommandType='Text', CommandTimeout='30']
CREATE TABLE "AspNetRoleClaims" (
    "Id" integer GENERATED BY DEFAULT AS IDENTITY,
    "RoleId" uuid NOT NULL,
    "ClaimType" text,
    "ClaimValue" text,
    CONSTRAINT "PK_AspNetRoleClaims" PRIMARY KEY ("Id"),
    CONSTRAINT "FK_AspNetRoleClaims_AspNetRoles_RoleId" FOREIGN KEY ("RoleId") REFERENCES "AspNetRoles" ("Id") ON DELETE CASCADE
);
[19:57:30 INF] Microsoft.EntityFrameworkCore.Database.Command: Executed DbCommand (8ms) [Parameters=[], CommandType='Text', CommandTimeout='30']
CREATE TABLE "AspNetUserClaims" (
    "Id" integer GENERATED BY DEFAULT AS IDENTITY,
    "UserId" uuid NOT NULL,
    "ClaimType" text,
    "ClaimValue" text,
    CONSTRAINT "PK_AspNetUserClaims" PRIMARY KEY ("Id"),
    CONSTRAINT "FK_AspNetUserClaims_AspNetUsers_UserId" FOREIGN KEY ("UserId") REFERENCES "AspNetUsers" ("Id") ON DELETE CASCADE
);
[19:57:30 INF] Microsoft.EntityFrameworkCore.Database.Command: Executed DbCommand (7ms) [Parameters=[], CommandType='Text', CommandTimeout='30']
CREATE TABLE "AspNetUserLogins" (
    "LoginProvider" text NOT NULL,
    "ProviderKey" text NOT NULL,
    "ProviderDisplayName" text,
    "UserId" uuid NOT NULL,
    CONSTRAINT "PK_AspNetUserLogins" PRIMARY KEY ("LoginProvider", "ProviderKey"),
    CONSTRAINT "FK_AspNetUserLogins_AspNetUsers_UserId" FOREIGN KEY ("UserId") REFERENCES "AspNetUsers" ("Id") ON DELETE CASCADE
);
[19:57:30 INF] Microsoft.EntityFrameworkCore.Database.Command: Executed DbCommand (4ms) [Parameters=[], CommandType='Text', CommandTimeout='30']
CREATE TABLE "AspNetUserRoles" (
    "UserId" uuid NOT NULL,
    "RoleId" uuid NOT NULL,
    CONSTRAINT "PK_AspNetUserRoles" PRIMARY KEY ("UserId", "RoleId"),
    CONSTRAINT "FK_AspNetUserRoles_AspNetRoles_RoleId" FOREIGN KEY ("RoleId") REFERENCES "AspNetRoles" ("Id") ON DELETE CASCADE,
    CONSTRAINT "FK_AspNetUserRoles_AspNetUsers_UserId" FOREIGN KEY ("UserId") REFERENCES "AspNetUsers" ("Id") ON DELETE CASCADE
);
[19:57:30 INF] Microsoft.EntityFrameworkCore.Database.Command: Executed DbCommand (8ms) [Parameters=[], CommandType='Text', CommandTimeout='30']
CREATE TABLE "AspNetUserTokens" (
    "UserId" uuid NOT NULL,
    "LoginProvider" text NOT NULL,
    "Name" text NOT NULL,
    "Value" text,
    CONSTRAINT "PK_AspNetUserTokens" PRIMARY KEY ("UserId", "LoginProvider", "Name"),
    CONSTRAINT "FK_AspNetUserTokens_AspNetUsers_UserId" FOREIGN KEY ("UserId") REFERENCES "AspNetUsers" ("Id") ON DELETE CASCADE
);
[19:57:30 INF] Microsoft.EntityFrameworkCore.Database.Command: Executed DbCommand (18ms) [Parameters=[], CommandType='Text', CommandTimeout='30']
CREATE TABLE "ClinicalHistories" (
    "Id" uuid NOT NULL,
    "StudentId" uuid NOT NULL,
    "Status" text NOT NULL,
    "Data" jsonb NOT NULL,
    "CreatedAt" timestamp with time zone NOT NULL DEFAULT (now()),
    "UpdatedAt" timestamp with time zone NOT NULL DEFAULT (now()),
    "SubmittedAt" timestamp with time zone,
    "ReviewedById" uuid,
    "ReviewedAt" timestamp with time zone,
    "ReviewNotes" text,
    CONSTRAINT "PK_ClinicalHistories" PRIMARY KEY ("Id"),
    CONSTRAINT "FK_ClinicalHistories_AspNetUsers_ReviewedById" FOREIGN KEY ("ReviewedById") REFERENCES "AspNetUsers" ("Id") ON DELETE RESTRICT,
    CONSTRAINT "FK_ClinicalHistories_AspNetUsers_StudentId" FOREIGN KEY ("StudentId") REFERENCES "AspNetUsers" ("Id") ON DELETE RESTRICT
);
[19:57:30 INF] Microsoft.EntityFrameworkCore.Database.Command: Executed DbCommand (3ms) [Parameters=[], CommandType='Text', CommandTimeout='30']
CREATE INDEX "IX_AspNetRoleClaims_RoleId" ON "AspNetRoleClaims" ("RoleId");
[19:57:30 INF] Microsoft.EntityFrameworkCore.Database.Command: Executed DbCommand (3ms) [Parameters=[], CommandType='Text', CommandTimeout='30']
CREATE UNIQUE INDEX "RoleNameIndex" ON "AspNetRoles" ("NormalizedName");
[19:57:30 INF] Microsoft.EntityFrameworkCore.Database.Command: Executed DbCommand (2ms) [Parameters=[], CommandType='Text', CommandTimeout='30']
CREATE INDEX "IX_AspNetUserClaims_UserId" ON "AspNetUserClaims" ("UserId");
[19:57:30 INF] Microsoft.EntityFrameworkCore.Database.Command: Executed DbCommand (2ms) [Parameters=[], CommandType='Text', CommandTimeout='30']
CREATE INDEX "IX_AspNetUserLogins_UserId" ON "AspNetUserLogins" ("UserId");
[19:57:30 INF] Microsoft.EntityFrameworkCore.Database.Command: Executed DbCommand (2ms) [Parameters=[], CommandType='Text', CommandTimeout='30']
CREATE INDEX "IX_AspNetUserRoles_RoleId" ON "AspNetUserRoles" ("RoleId");
[19:57:30 INF] Microsoft.EntityFrameworkCore.Database.Command: Executed DbCommand (2ms) [Parameters=[], CommandType='Text', CommandTimeout='30']
CREATE INDEX "EmailIndex" ON "AspNetUsers" ("NormalizedEmail");
[19:57:30 INF] Microsoft.EntityFrameworkCore.Database.Command: Executed DbCommand (2ms) [Parameters=[], CommandType='Text', CommandTimeout='30']
CREATE UNIQUE INDEX "UserNameIndex" ON "AspNetUsers" ("NormalizedUserName");
[19:57:30 INF] Microsoft.EntityFrameworkCore.Database.Command: Executed DbCommand (2ms) [Parameters=[], CommandType='Text', CommandTimeout='30']
CREATE INDEX "IX_ClinicalHistories_ReviewedById" ON "ClinicalHistories" ("ReviewedById");
[19:57:30 INF] Microsoft.EntityFrameworkCore.Database.Command: Executed DbCommand (2ms) [Parameters=[], CommandType='Text', CommandTimeout='30']
CREATE INDEX "IX_ClinicalHistories_StudentId" ON "ClinicalHistories" ("StudentId");
[19:57:30 INF] Microsoft.EntityFrameworkCore.Database.Command: Executed DbCommand (1ms) [Parameters=[], CommandType='Text', CommandTimeout='30']
INSERT INTO "__EFMigrationsHistory" ("MigrationId", "ProductVersion")
VALUES ('20260201181037_InitialCreate', '9.0.12');
[19:57:30 INF] Microsoft.EntityFrameworkCore.Migrations: Applying migration '20260201225659_AddAgendaAndReminders'.
[19:57:30 INF] Microsoft.EntityFrameworkCore.Database.Command: Executed DbCommand (12ms) [Parameters=[], CommandType='Text', CommandTimeout='30']
CREATE TABLE "Appointments" (
    "Id" uuid NOT NULL,
    "StudentId" uuid NOT NULL,
    "ProfessorId" uuid NOT NULL,
    "PatientName" text NOT NULL,
    "Reason" text NOT NULL,
    "StartAt" timestamp with time zone NOT NULL,
    "EndAt" timestamp with time zone NOT NULL,
    "Status" text NOT NULL,
    "Notes" text,
    "CreatedAt" timestamp with time zone NOT NULL DEFAULT (now()),
    "UpdatedAt" timestamp with time zone NOT NULL DEFAULT (now()),
    CONSTRAINT "PK_Appointments" PRIMARY KEY ("Id"),
    CONSTRAINT "FK_Appointments_AspNetUsers_ProfessorId" FOREIGN KEY ("ProfessorId") REFERENCES "AspNetUsers" ("Id") ON DELETE RESTRICT,
    CONSTRAINT "FK_Appointments_AspNetUsers_StudentId" FOREIGN KEY ("StudentId") REFERENCES "AspNetUsers" ("Id") ON DELETE RESTRICT
);
[19:57:30 INF] Microsoft.EntityFrameworkCore.Database.Command: Executed DbCommand (7ms) [Parameters=[], CommandType='Text', CommandTimeout='30']
CREATE TABLE "Reminders" (
    "Id" uuid NOT NULL,
    "AppointmentId" uuid NOT NULL,
    "Channel" text NOT NULL,
    "Target" text NOT NULL,
    "Message" text NOT NULL,
    "ScheduledAt" timestamp with time zone NOT NULL,
    "SentAt" timestamp with time zone,
    "Status" text NOT NULL,
    "CreatedAt" timestamp with time zone NOT NULL DEFAULT (now()),
    CONSTRAINT "PK_Reminders" PRIMARY KEY ("Id"),
    CONSTRAINT "FK_Reminders_Appointments_AppointmentId" FOREIGN KEY ("AppointmentId") REFERENCES "Appointments" ("Id") ON DELETE CASCADE
);
[19:57:30 INF] Microsoft.EntityFrameworkCore.Database.Command: Executed DbCommand (3ms) [Parameters=[], CommandType='Text', CommandTimeout='30']
CREATE INDEX "IX_Appointments_ProfessorId" ON "Appointments" ("ProfessorId");
[19:57:30 INF] Microsoft.EntityFrameworkCore.Database.Command: Executed DbCommand (2ms) [Parameters=[], CommandType='Text', CommandTimeout='30']
CREATE INDEX "IX_Appointments_StudentId" ON "Appointments" ("StudentId");
[19:57:30 INF] Microsoft.EntityFrameworkCore.Database.Command: Executed DbCommand (2ms) [Parameters=[], CommandType='Text', CommandTimeout='30']
CREATE INDEX "IX_Reminders_AppointmentId" ON "Reminders" ("AppointmentId");
[19:57:30 INF] Microsoft.EntityFrameworkCore.Database.Command: Executed DbCommand (1ms) [Parameters=[], CommandType='Text', CommandTimeout='30']
INSERT INTO "__EFMigrationsHistory" ("MigrationId", "ProductVersion")
VALUES ('20260201225659_AddAgendaAndReminders', '9.0.12');
[19:57:31 INF] Microsoft.EntityFrameworkCore.Database.Command: Executed DbCommand (57ms) [Parameters=[@__normalizedName_0='?'], CommandType='Text', CommandTimeout='30']
SELECT a."Id", a."ConcurrencyStamp", a."Name", a."NormalizedName"
FROM "AspNetRoles" AS a
WHERE a."NormalizedName" = @__normalizedName_0
LIMIT 1
[19:57:31 INF] Microsoft.EntityFrameworkCore.Database.Command: Executed DbCommand (2ms) [Parameters=[@__normalizedName_0='?'], CommandType='Text', CommandTimeout='30']
SELECT a."Id", a."ConcurrencyStamp", a."Name", a."NormalizedName"
FROM "AspNetRoles" AS a
WHERE a."NormalizedName" = @__normalizedName_0
LIMIT 1
[19:57:31 INF] Microsoft.EntityFrameworkCore.Database.Command: Executed DbCommand (5ms) [Parameters=[@p0='?' (DbType = Guid), @p1='?', @p2='?', @p3='?'], CommandType='Text', CommandTimeout='30']
INSERT INTO "AspNetRoles" ("Id", "ConcurrencyStamp", "Name", "NormalizedName")
VALUES (@p0, @p1, @p2, @p3);
[19:57:31 INF] Microsoft.EntityFrameworkCore.Database.Command: Executed DbCommand (1ms) [Parameters=[@__normalizedName_0='?'], CommandType='Text', CommandTimeout='30']
SELECT a."Id", a."ConcurrencyStamp", a."Name", a."NormalizedName"
FROM "AspNetRoles" AS a
WHERE a."NormalizedName" = @__normalizedName_0
LIMIT 1
[19:57:31 INF] Microsoft.EntityFrameworkCore.Database.Command: Executed DbCommand (1ms) [Parameters=[@__normalizedName_0='?'], CommandType='Text', CommandTimeout='30']
SELECT a."Id", a."ConcurrencyStamp", a."Name", a."NormalizedName"
FROM "AspNetRoles" AS a
WHERE a."NormalizedName" = @__normalizedName_0
LIMIT 1
[19:57:31 INF] Microsoft.EntityFrameworkCore.Database.Command: Executed DbCommand (1ms) [Parameters=[@p0='?' (DbType = Guid), @p1='?', @p2='?', @p3='?'], CommandType='Text', CommandTimeout='30']
INSERT INTO "AspNetRoles" ("Id", "ConcurrencyStamp", "Name", "NormalizedName")
VALUES (@p0, @p1, @p2, @p3);
[19:57:31 INF] Microsoft.EntityFrameworkCore.Database.Command: Executed DbCommand (1ms) [Parameters=[@__normalizedName_0='?'], CommandType='Text', CommandTimeout='30']
SELECT a."Id", a."ConcurrencyStamp", a."Name", a."NormalizedName"
FROM "AspNetRoles" AS a
WHERE a."NormalizedName" = @__normalizedName_0
LIMIT 1
[19:57:31 INF] Microsoft.EntityFrameworkCore.Database.Command: Executed DbCommand (1ms) [Parameters=[@__normalizedName_0='?'], CommandType='Text', CommandTimeout='30']
SELECT a."Id", a."ConcurrencyStamp", a."Name", a."NormalizedName"
FROM "AspNetRoles" AS a
WHERE a."NormalizedName" = @__normalizedName_0
LIMIT 1
[19:57:31 INF] Microsoft.EntityFrameworkCore.Database.Command: Executed DbCommand (1ms) [Parameters=[@p0='?' (DbType = Guid), @p1='?', @p2='?', @p3='?'], CommandType='Text', CommandTimeout='30']
INSERT INTO "AspNetRoles" ("Id", "ConcurrencyStamp", "Name", "NormalizedName")
VALUES (@p0, @p1, @p2, @p3);
[19:57:31 INF] Microsoft.EntityFrameworkCore.Database.Command: Executed DbCommand (2ms) [Parameters=[@__normalizedEmail_0='?'], CommandType='Text', CommandTimeout='30']
SELECT a."Id", a."AccessFailedCount", a."ConcurrencyStamp", a."Email", a."EmailConfirmed", a."FullName", a."LockoutEnabled", a."LockoutEnd", a."NormalizedEmail", a."NormalizedUserName", a."PasswordHash", a."PhoneNumber", a."PhoneNumberConfirmed", a."SecurityStamp", a."TwoFactorEnabled", a."UniversityId", a."UserName"
FROM "AspNetUsers" AS a
WHERE a."NormalizedEmail" = @__normalizedEmail_0
LIMIT 2
[19:57:31 INF] Microsoft.EntityFrameworkCore.Database.Command: Executed DbCommand (1ms) [Parameters=[@__normalizedUserName_0='?'], CommandType='Text', CommandTimeout='30']
SELECT a."Id", a."AccessFailedCount", a."ConcurrencyStamp", a."Email", a."EmailConfirmed", a."FullName", a."LockoutEnabled", a."LockoutEnd", a."NormalizedEmail", a."NormalizedUserName", a."PasswordHash", a."PhoneNumber", a."PhoneNumberConfirmed", a."SecurityStamp", a."TwoFactorEnabled", a."UniversityId", a."UserName"
FROM "AspNetUsers" AS a
WHERE a."NormalizedUserName" = @__normalizedUserName_0
LIMIT 1
[19:57:31 INF] Microsoft.EntityFrameworkCore.Database.Command: Executed DbCommand (1ms) [Parameters=[@__normalizedEmail_0='?'], CommandType='Text', CommandTimeout='30']
SELECT a."Id", a."AccessFailedCount", a."ConcurrencyStamp", a."Email", a."EmailConfirmed", a."FullName", a."LockoutEnabled", a."LockoutEnd", a."NormalizedEmail", a."NormalizedUserName", a."PasswordHash", a."PhoneNumber", a."PhoneNumberConfirmed", a."SecurityStamp", a."TwoFactorEnabled", a."UniversityId", a."UserName"
FROM "AspNetUsers" AS a
WHERE a."NormalizedEmail" = @__normalizedEmail_0
LIMIT 2
[19:57:32 INF] Microsoft.EntityFrameworkCore.Database.Command: Executed DbCommand (12ms) [Parameters=[@p0='?' (DbType = Guid), @p1='?' (DbType = Int32), @p2='?', @p3='?', @p4='?' (DbType = Boolean), @p5='?', @p6='?' (DbType = Boolean), @p7='?' (DbType = DateTime), @p8='?', @p9='?', @p10='?', @p11='?', @p12='?' (DbType = Boolean), @p13='?', @p14='?' (DbType = Boolean), @p15='?', @p16='?'], CommandType='Text', CommandTimeout='30']
INSERT INTO "AspNetUsers" ("Id", "AccessFailedCount", "ConcurrencyStamp", "Email", "EmailConfirmed", "FullName", "LockoutEnabled", "LockoutEnd", "NormalizedEmail", "NormalizedUserName", "PasswordHash", "PhoneNumber", "PhoneNumberConfirmed", "SecurityStamp", "TwoFactorEnabled", "UniversityId", "UserName")
VALUES (@p0, @p1, @p2, @p3, @p4, @p5, @p6, @p7, @p8, @p9, @p10, @p11, @p12, @p13, @p14, @p15, @p16);
[19:57:32 INF] Microsoft.EntityFrameworkCore.Database.Command: Executed DbCommand (1ms) [Parameters=[@__normalizedRoleName_0='?'], CommandType='Text', CommandTimeout='30']
SELECT a."Id", a."ConcurrencyStamp", a."Name", a."NormalizedName"
FROM "AspNetRoles" AS a
WHERE a."NormalizedName" = @__normalizedRoleName_0
LIMIT 2
[19:57:32 INF] Microsoft.EntityFrameworkCore.Database.Command: Executed DbCommand (1ms) [Parameters=[@__p_0='?' (DbType = Guid), @__p_1='?' (DbType = Guid)], CommandType='Text', CommandTimeout='30']
SELECT a."UserId", a."RoleId"
FROM "AspNetUserRoles" AS a
WHERE a."UserId" = @__p_0 AND a."RoleId" = @__p_1
LIMIT 1
[19:57:32 INF] Microsoft.EntityFrameworkCore.Database.Command: Executed DbCommand (1ms) [Parameters=[@__normalizedRoleName_0='?'], CommandType='Text', CommandTimeout='30']
SELECT a."Id", a."ConcurrencyStamp", a."Name", a."NormalizedName"
FROM "AspNetRoles" AS a
WHERE a."NormalizedName" = @__normalizedRoleName_0
LIMIT 2
[19:57:32 INF] Microsoft.EntityFrameworkCore.Database.Command: Executed DbCommand (1ms) [Parameters=[@__normalizedUserName_0='?'], CommandType='Text', CommandTimeout='30']
SELECT a."Id", a."AccessFailedCount", a."ConcurrencyStamp", a."Email", a."EmailConfirmed", a."FullName", a."LockoutEnabled", a."LockoutEnd", a."NormalizedEmail", a."NormalizedUserName", a."PasswordHash", a."PhoneNumber", a."PhoneNumberConfirmed", a."SecurityStamp", a."TwoFactorEnabled", a."UniversityId", a."UserName"
FROM "AspNetUsers" AS a
WHERE a."NormalizedUserName" = @__normalizedUserName_0
LIMIT 1
[19:57:32 INF] Microsoft.EntityFrameworkCore.Database.Command: Executed DbCommand (1ms) [Parameters=[@__normalizedEmail_0='?'], CommandType='Text', CommandTimeout='30']
SELECT a."Id", a."AccessFailedCount", a."ConcurrencyStamp", a."Email", a."EmailConfirmed", a."FullName", a."LockoutEnabled", a."LockoutEnd", a."NormalizedEmail", a."NormalizedUserName", a."PasswordHash", a."PhoneNumber", a."PhoneNumberConfirmed", a."SecurityStamp", a."TwoFactorEnabled", a."UniversityId", a."UserName"
FROM "AspNetUsers" AS a
WHERE a."NormalizedEmail" = @__normalizedEmail_0
LIMIT 2
[19:57:32 INF] Microsoft.EntityFrameworkCore.Database.Command: Executed DbCommand (21ms) [Parameters=[@p0='?' (DbType = Guid), @p1='?' (DbType = Guid), @p18='?' (DbType = Guid), @p2='?' (DbType = Int32), @p3='?', @p19='?', @p4='?', @p5='?' (DbType = Boolean), @p6='?', @p7='?' (DbType = Boolean), @p8='?' (DbType = DateTime), @p9='?', @p10='?', @p11='?', @p12='?', @p13='?' (DbType = Boolean), @p14='?', @p15='?' (DbType = Boolean), @p16='?', @p17='?'], CommandType='Text', CommandTimeout='30']
INSERT INTO "AspNetUserRoles" ("RoleId", "UserId")
VALUES (@p0, @p1);
UPDATE "AspNetUsers" SET "AccessFailedCount" = @p2, "ConcurrencyStamp" = @p3, "Email" = @p4, "EmailConfirmed" = @p5, "FullName" = @p6, "LockoutEnabled" = @p7, "LockoutEnd" = @p8, "NormalizedEmail" = @p9, "NormalizedUserName" = @p10, "PasswordHash" = @p11, "PhoneNumber" = @p12, "PhoneNumberConfirmed" = @p13, "SecurityStamp" = @p14, "TwoFactorEnabled" = @p15, "UniversityId" = @p16, "UserName" = @p17
WHERE "Id" = @p18 AND "ConcurrencyStamp" = @p19;
[19:57:32 INF] Microsoft.EntityFrameworkCore.Database.Command: Executed DbCommand (1ms) [Parameters=[@__normalizedEmail_0='?'], CommandType='Text', CommandTimeout='30']
SELECT a."Id", a."AccessFailedCount", a."ConcurrencyStamp", a."Email", a."EmailConfirmed", a."FullName", a."LockoutEnabled", a."LockoutEnd", a."NormalizedEmail", a."NormalizedUserName", a."PasswordHash", a."PhoneNumber", a."PhoneNumberConfirmed", a."SecurityStamp", a."TwoFactorEnabled", a."UniversityId", a."UserName"
FROM "AspNetUsers" AS a
WHERE a."NormalizedEmail" = @__normalizedEmail_0
LIMIT 2
[19:57:32 INF] Microsoft.EntityFrameworkCore.Database.Command: Executed DbCommand (1ms) [Parameters=[@__normalizedUserName_0='?'], CommandType='Text', CommandTimeout='30']
SELECT a."Id", a."AccessFailedCount", a."ConcurrencyStamp", a."Email", a."EmailConfirmed", a."FullName", a."LockoutEnabled", a."LockoutEnd", a."NormalizedEmail", a."NormalizedUserName", a."PasswordHash", a."PhoneNumber", a."PhoneNumberConfirmed", a."SecurityStamp", a."TwoFactorEnabled", a."UniversityId", a."UserName"
FROM "AspNetUsers" AS a
WHERE a."NormalizedUserName" = @__normalizedUserName_0
LIMIT 1
[19:57:32 INF] Microsoft.EntityFrameworkCore.Database.Command: Executed DbCommand (1ms) [Parameters=[@__normalizedEmail_0='?'], CommandType='Text', CommandTimeout='30']
SELECT a."Id", a."AccessFailedCount", a."ConcurrencyStamp", a."Email", a."EmailConfirmed", a."FullName", a."LockoutEnabled", a."LockoutEnd", a."NormalizedEmail", a."NormalizedUserName", a."PasswordHash", a."PhoneNumber", a."PhoneNumberConfirmed", a."SecurityStamp", a."TwoFactorEnabled", a."UniversityId", a."UserName"
FROM "AspNetUsers" AS a
WHERE a."NormalizedEmail" = @__normalizedEmail_0
LIMIT 2
[19:57:32 INF] Microsoft.EntityFrameworkCore.Database.Command: Executed DbCommand (1ms) [Parameters=[@p0='?' (DbType = Guid), @p1='?' (DbType = Int32), @p2='?', @p3='?', @p4='?' (DbType = Boolean), @p5='?', @p6='?' (DbType = Boolean), @p7='?' (DbType = DateTime), @p8='?', @p9='?', @p10='?', @p11='?', @p12='?' (DbType = Boolean), @p13='?', @p14='?' (DbType = Boolean), @p15='?', @p16='?'], CommandType='Text', CommandTimeout='30']
INSERT INTO "AspNetUsers" ("Id", "AccessFailedCount", "ConcurrencyStamp", "Email", "EmailConfirmed", "FullName", "LockoutEnabled", "LockoutEnd", "NormalizedEmail", "NormalizedUserName", "PasswordHash", "PhoneNumber", "PhoneNumberConfirmed", "SecurityStamp", "TwoFactorEnabled", "UniversityId", "UserName")
VALUES (@p0, @p1, @p2, @p3, @p4, @p5, @p6, @p7, @p8, @p9, @p10, @p11, @p12, @p13, @p14, @p15, @p16);
[19:57:32 INF] Microsoft.EntityFrameworkCore.Database.Command: Executed DbCommand (1ms) [Parameters=[@__normalizedRoleName_0='?'], CommandType='Text', CommandTimeout='30']
SELECT a."Id", a."ConcurrencyStamp", a."Name", a."NormalizedName"
FROM "AspNetRoles" AS a
WHERE a."NormalizedName" = @__normalizedRoleName_0
LIMIT 2
[19:57:32 INF] Microsoft.EntityFrameworkCore.Database.Command: Executed DbCommand (1ms) [Parameters=[@__p_0='?' (DbType = Guid), @__p_1='?' (DbType = Guid)], CommandType='Text', CommandTimeout='30']
SELECT a."UserId", a."RoleId"
FROM "AspNetUserRoles" AS a
WHERE a."UserId" = @__p_0 AND a."RoleId" = @__p_1
LIMIT 1
[19:57:32 INF] Microsoft.EntityFrameworkCore.Database.Command: Executed DbCommand (1ms) [Parameters=[@__normalizedRoleName_0='?'], CommandType='Text', CommandTimeout='30']
SELECT a."Id", a."ConcurrencyStamp", a."Name", a."NormalizedName"
FROM "AspNetRoles" AS a
WHERE a."NormalizedName" = @__normalizedRoleName_0
LIMIT 2
[19:57:32 INF] Microsoft.EntityFrameworkCore.Database.Command: Executed DbCommand (1ms) [Parameters=[@__normalizedUserName_0='?'], CommandType='Text', CommandTimeout='30']
SELECT a."Id", a."AccessFailedCount", a."ConcurrencyStamp", a."Email", a."EmailConfirmed", a."FullName", a."LockoutEnabled", a."LockoutEnd", a."NormalizedEmail", a."NormalizedUserName", a."PasswordHash", a."PhoneNumber", a."PhoneNumberConfirmed", a."SecurityStamp", a."TwoFactorEnabled", a."UniversityId", a."UserName"
FROM "AspNetUsers" AS a
WHERE a."NormalizedUserName" = @__normalizedUserName_0
LIMIT 1
[19:57:32 INF] Microsoft.EntityFrameworkCore.Database.Command: Executed DbCommand (1ms) [Parameters=[@__normalizedEmail_0='?'], CommandType='Text', CommandTimeout='30']
SELECT a."Id", a."AccessFailedCount", a."ConcurrencyStamp", a."Email", a."EmailConfirmed", a."FullName", a."LockoutEnabled", a."LockoutEnd", a."NormalizedEmail", a."NormalizedUserName", a."PasswordHash", a."PhoneNumber", a."PhoneNumberConfirmed", a."SecurityStamp", a."TwoFactorEnabled", a."UniversityId", a."UserName"
FROM "AspNetUsers" AS a
WHERE a."NormalizedEmail" = @__normalizedEmail_0
LIMIT 2
[19:57:32 INF] Microsoft.EntityFrameworkCore.Database.Command: Executed DbCommand (1ms) [Parameters=[@p0='?' (DbType = Guid), @p1='?' (DbType = Guid), @p18='?' (DbType = Guid), @p2='?' (DbType = Int32), @p3='?', @p19='?', @p4='?', @p5='?' (DbType = Boolean), @p6='?', @p7='?' (DbType = Boolean), @p8='?' (DbType = DateTime), @p9='?', @p10='?', @p11='?', @p12='?', @p13='?' (DbType = Boolean), @p14='?', @p15='?' (DbType = Boolean), @p16='?', @p17='?'], CommandType='Text', CommandTimeout='30']
INSERT INTO "AspNetUserRoles" ("RoleId", "UserId")
VALUES (@p0, @p1);
UPDATE "AspNetUsers" SET "AccessFailedCount" = @p2, "ConcurrencyStamp" = @p3, "Email" = @p4, "EmailConfirmed" = @p5, "FullName" = @p6, "LockoutEnabled" = @p7, "LockoutEnd" = @p8, "NormalizedEmail" = @p9, "NormalizedUserName" = @p10, "PasswordHash" = @p11, "PhoneNumber" = @p12, "PhoneNumberConfirmed" = @p13, "SecurityStamp" = @p14, "TwoFactorEnabled" = @p15, "UniversityId" = @p16, "UserName" = @p17
WHERE "Id" = @p18 AND "ConcurrencyStamp" = @p19;
[19:57:32 INF] Microsoft.AspNetCore.DataProtection.KeyManagement.XmlKeyManager: User profile is available. Using 'C:\Users\gerso\AppData\Local\ASP.NET\DataProtection-Keys' as key repository and Windows DPAPI to encrypt keys at rest.
[19:57:32 INF] Microsoft.EntityFrameworkCore.Database.Command: Executed DbCommand (3ms) [Parameters=[@__now_0='?' (DbType = DateTime)], CommandType='Text', CommandTimeout='30']
SELECT r."Id", r."AppointmentId", r."Channel", r."CreatedAt", r."Message", r."ScheduledAt", r."SentAt", r."Status", r."Target"
FROM "Reminders" AS r
WHERE r."Status" = 'Pending' AND r."ScheduledAt" <= @__now_0
[19:57:32 INF] Microsoft.Hosting.Lifetime: Now listening on: http://localhost:5154
[19:57:32 INF] Microsoft.Hosting.Lifetime: Application started. Press Ctrl+C to shut down.
[19:57:32 INF] Microsoft.Hosting.Lifetime: Hosting environment: Development
[19:57:32 INF] Microsoft.Hosting.Lifetime: Content root path: D:\Programación\MEDICSYS\MEDICSYS.Api
